<?xml version="1.0" encoding="UTF-8"?>
<testng-results skipped="0" failed="0" ignored="0" total="2" passed="2">
  <reporter-output>
  </reporter-output>
  <suite name="Suite" duration-ms="106586" started-at="2019-05-22T01:57:36Z" finished-at="2019-05-22T01:59:23Z">
    <groups>
    </groups>
    <test name="Test" duration-ms="106586" started-at="2019-05-22T01:57:36Z" finished-at="2019-05-22T01:59:23Z">
      <class name="Testproject.Test.Example">
        <test-method status="PASS" signature="testd()[pri:0, instance:Testproject.Test.Example@687080dc]" name="testd" duration-ms="54940" started-at="2019-05-22T01:57:36Z" finished-at="2019-05-22T01:58:31Z">
          <reporter-output>
          </reporter-output>
        </test-method> <!-- testd -->
      </class> <!-- Testproject.Test.Example -->
      <class name="Testproject.Test.Example2">
        <test-method status="PASS" signature="testd()[pri:0, instance:Testproject.Test.Example2@26a7b76d]" name="testd" duration-ms="51404" started-at="2019-05-22T01:58:31Z" finished-at="2019-05-22T01:59:23Z">
          <reporter-output>
          </reporter-output>
        </test-method> <!-- testd -->
      </class> <!-- Testproject.Test.Example2 -->
    </test> <!-- Test -->
  </suite> <!-- Suite -->
</testng-results>
